<?xml version="1.0" encoding="UTF-8"?>
<!-- Generated by org.testng.reporters.JUnitXMLReporter -->
<testsuite ignored="0" hostname="DESKTOP-H89D89M" failures="0" tests="6" name="Default test" time="0.07" errors="0" timestamp="2023-04-23T17:20:39 CEST">
  <testcase classname="login.LoginTests" name="@BeforeClass prepareTestDataReader" time="0.007">
    <failure type="java.lang.NullPointerException" message="Cannot invoke &amp;quot;java.net.URL.getPath()&amp;quot; because &amp;quot;sheetURL&amp;quot; is null">
      <![CDATA[java.lang.NullPointerException: Cannot invoke "java.net.URL.getPath()" because "sheetURL" is null
at excelreader.TestDataReader.<init>(TestDataReader.java:22)
at login.LoginTests.prepareTestDataReader(LoginTests.java:28)
at java.base/jdk.internal.reflect.NativeMethodAccessorImpl.invoke0(Native Method)
at java.base/jdk.internal.reflect.NativeMethodAccessorImpl.invoke(NativeMethodAccessorImpl.java:77)
at java.base/jdk.internal.reflect.DelegatingMethodAccessorImpl.invoke(DelegatingMethodAccessorImpl.java:43)
at java.base/java.lang.reflect.Method.invoke(Method.java:568)
at org.testng.internal.MethodInvocationHelper.invokeMethod(MethodInvocationHelper.java:133)
at org.testng.internal.MethodInvocationHelper.invokeMethodConsideringTimeout(MethodInvocationHelper.java:62)
at org.testng.internal.ConfigInvoker.invokeConfigurationMethod(ConfigInvoker.java:385)
at org.testng.internal.ConfigInvoker.invokeConfigurations(ConfigInvoker.java:321)
at org.testng.internal.TestMethodWorker.invokeBeforeClassMethods(TestMethodWorker.java:176)
at org.testng.internal.TestMethodWorker.run(TestMethodWorker.java:122)
at java.base/java.util.ArrayList.forEach(ArrayList.java:1511)
at org.testng.TestRunner.privateRun(TestRunner.java:794)
at org.testng.TestRunner.run(TestRunner.java:596)
at org.testng.SuiteRunner.runTest(SuiteRunner.java:377)
at org.testng.SuiteRunner.runSequentially(SuiteRunner.java:371)
at org.testng.SuiteRunner.privateRun(SuiteRunner.java:332)
at org.testng.SuiteRunner.run(SuiteRunner.java:276)
at org.testng.SuiteRunnerWorker.runSuite(SuiteRunnerWorker.java:53)
at org.testng.SuiteRunnerWorker.run(SuiteRunnerWorker.java:96)
at org.testng.TestNG.runSuitesSequentially(TestNG.java:1212)
at org.testng.TestNG.runSuitesLocally(TestNG.java:1134)
at org.testng.TestNG.runSuites(TestNG.java:1063)
at org.testng.TestNG.run(TestNG.java:1031)
at org.testng.remote.AbstractRemoteTestNG.run(AbstractRemoteTestNG.java:115)
at org.testng.remote.RemoteTestNG.initAndRun(RemoteTestNG.java:251)
at org.testng.remote.RemoteTestNG.main(RemoteTestNG.java:77)
]]>
    </failure>
  </testcase> <!-- @BeforeClass prepareTestDataReader -->
  <testcase classname="login.LoginTests" name="@BeforeMethod CheckHomePageLoadedThenClickLogin" time="-1.682263239395E9">
    <skipped/>
  </testcase> <!-- @BeforeMethod CheckHomePageLoadedThenClickLogin -->
  <testcase classname="login.LoginTests" name="@AfterMethod closeDriver" time="-1.6822632394E9">
    <skipped/>
  </testcase> <!-- @AfterMethod closeDriver -->
  <testcase classname="login.LoginTests" name="@BeforeMethod CheckHomePageLoadedThenClickLogin" time="-1.682263239403E9">
    <skipped/>
  </testcase> <!-- @BeforeMethod CheckHomePageLoadedThenClickLogin -->
  <testcase classname="login.LoginTests" name="@AfterMethod closeDriver" time="-1.682263239408E9">
    <skipped/>
  </testcase> <!-- @AfterMethod closeDriver -->
  <testcase classname="login.LoginTests" name="@BeforeMethod CheckHomePageLoadedThenClickLogin" time="-1.682263239409E9">
    <skipped/>
  </testcase> <!-- @BeforeMethod CheckHomePageLoadedThenClickLogin -->
  <testcase classname="login.LoginTests" name="@AfterMethod closeDriver" time="-1.682263239412E9">
    <skipped/>
  </testcase> <!-- @AfterMethod closeDriver -->
  <testcase classname="login.LoginTests" name="@BeforeMethod CheckHomePageLoadedThenClickLogin" time="-1.682263239413E9">
    <skipped/>
  </testcase> <!-- @BeforeMethod CheckHomePageLoadedThenClickLogin -->
  <testcase classname="login.LoginTests" name="@AfterMethod closeDriver" time="-1.682263239416E9">
    <skipped/>
  </testcase> <!-- @AfterMethod closeDriver -->
  <testcase classname="login.LoginTests" name="@BeforeMethod CheckHomePageLoadedThenClickLogin" time="-1.682263239417E9">
    <skipped/>
  </testcase> <!-- @BeforeMethod CheckHomePageLoadedThenClickLogin -->
  <testcase classname="login.LoginTests" name="@AfterMethod closeDriver" time="-1.682263239421E9">
    <skipped/>
  </testcase> <!-- @AfterMethod closeDriver -->
  <testcase classname="login.LoginTests" name="@BeforeMethod CheckHomePageLoadedThenClickLogin" time="-1.682263239424E9">
    <skipped/>
  </testcase> <!-- @BeforeMethod CheckHomePageLoadedThenClickLogin -->
  <testcase classname="login.LoginTests" name="@AfterMethod closeDriver" time="-1.682263239427E9">
    <skipped/>
  </testcase> <!-- @AfterMethod closeDriver -->
  <testcase classname="login.LoginTests" name="validateEmailAndPasswordBlankFields" time="0.0">
    <skipped/>
  </testcase> <!-- validateEmailAndPasswordBlankFields -->
  <testcase classname="login.LoginTests" name="validatePasswordBlankField" time="0.0">
    <skipped/>
  </testcase> <!-- validatePasswordBlankField -->
  <testcase classname="login.LoginTests" name="validateEmailFieldWithoutAtSign" time="0.0">
    <skipped/>
  </testcase> <!-- validateEmailFieldWithoutAtSign -->
  <testcase classname="login.LoginTests" name="validateEmailFieldWithoutDoaminName" time="0.0">
    <skipped/>
  </testcase> <!-- validateEmailFieldWithoutDoaminName -->
  <testcase classname="login.LoginTests" name="validateEmailFieldWithoutUserName" time="0.0">
    <skipped/>
  </testcase> <!-- validateEmailFieldWithoutUserName -->
  <testcase classname="login.LoginTests" name="validateInvalidEmailAndPassword" time="0.0">
    <skipped/>
  </testcase> <!-- validateInvalidEmailAndPassword -->
</testsuite> <!-- Default test -->
