<?xml version="1.0" encoding="UTF-8"?>
<!-- Generated by org.testng.reporters.JUnitXMLReporter -->
<testsuite ignored="0" hostname="DESKTOP-H89D89M" failures="0" tests="1" name="TestOnFirefox" time="0.05" errors="0" timestamp="2023-04-23T14:51:10 CEST">
  <testcase classname="Demo.TestNGMultipleBrowserDemo" name="@BeforeTest setup" time="-1.682254270133E9">
    <failure type="org.testng.TestNGException" message="
Parameter &amp;apos;browseName&amp;apos; is required by BeforeTest on method setup but has not been marked @Optional or defined
in C:\Users\Svetlana\git\phptravelsAutomation\phptravelsAutomation\testng.xml">
      <![CDATA[org.testng.TestNGException: 
Parameter 'browseName' is required by BeforeTest on method setup but has not been marked @Optional or defined
in C:\Users\Svetlana\git\phptravelsAutomation\phptravelsAutomation\testng.xml
at java.base/java.util.concurrent.FutureTask.run(FutureTask.java:264)
at java.base/java.util.concurrent.ThreadPoolExecutor.runWorker(ThreadPoolExecutor.java:1136)
at java.base/java.util.concurrent.ThreadPoolExecutor$Worker.run(ThreadPoolExecutor.java:635)
at java.base/java.lang.Thread.run(Thread.java:833)
... Removed 12 stack frames]]>
    </failure>
  </testcase> <!-- @BeforeTest setup -->
  <testcase classname="Demo.TestNGMultipleBrowserDemo" name="@BeforeMethod CheckHomePageLoadedThenClickLogin" time="-1.682254270169E9">
    <skipped/>
  </testcase> <!-- @BeforeMethod CheckHomePageLoadedThenClickLogin -->
  <testcase classname="Demo.TestNGMultipleBrowserDemo" name="@AfterMethod closeDriver" time="-1.682254270175E9">
    <skipped/>
  </testcase> <!-- @AfterMethod closeDriver -->
  <testcase classname="Demo.TestNGMultipleBrowserDemo" name="pub" time="0.0">
    <skipped/>
  </testcase> <!-- pub -->
</testsuite> <!-- TestOnFirefox -->
