<?xml version="1.0" encoding="UTF-8"?>
<!-- Generated by org.testng.reporters.JUnitXMLReporter -->
<testsuite ignored="0" hostname="DESKTOP-H89D89M" failures="0" tests="1" name="Test" time="0.039" errors="0" timestamp="2023-04-23T14:39:07 CEST">
  <testcase classname="Demo.TestNGMultipleBrowserDemo" name="@BeforeTest setup" time="-1.682253547009E9">
    <failure type="org.testng.TestNGException" message="
Parameter &amp;apos;browseName&amp;apos; is required by BeforeTest on method setup but has not been marked @Optional or defined
in C:\Users\Svetlana\git\phptravelsAutomation\phptravelsAutomation\testng.xml">
      <![CDATA[org.testng.TestNGException: 
Parameter 'browseName' is required by BeforeTest on method setup but has not been marked @Optional or defined
in C:\Users\Svetlana\git\phptravelsAutomation\phptravelsAutomation\testng.xml
... Removed 21 stack frames]]>
    </failure>
  </testcase> <!-- @BeforeTest setup -->
  <testcase classname="Demo.TestNGMultipleBrowserDemo" name="@AfterTest teardown" time="-1.682253547043E9">
    <skipped/>
  </testcase> <!-- @AfterTest teardown -->
  <testcase classname="Demo.TestNGMultipleBrowserDemo" name="test1" time="0.0">
    <skipped/>
  </testcase> <!-- test1 -->
</testsuite> <!-- Test -->
