<?xml version="1.0" encoding="UTF-8"?>
<!-- Generated by org.testng.reporters.JUnitReportReporter -->
<testsuite hostname="DESKTOP-H89D89M" failures="0" tests="13" name="Demo.TestNGMultipleBrowserDemo" time="47.098" errors="1" timestamp="2023-04-23T22:15:28 CEST" skipped="6">
  <testcase classname="Demo.TestNGMultipleBrowserDemo" name="setup" time="7.118">
    <error message="Could not start a new session. Response code 500. Message: Expected browser binary location, but unable to find binary in default location, no &#039;moz:firefoxOptions.binary&#039; capability provided, and no binary flag set on the command line 
Host info: host: &#039;DESKTOP-H89D89M&#039;, ip: &#039;192.168.2.101&#039;
Build info: version: &#039;4.9.0&#039;, revision: &#039;d7057100a6&#039;
System info: os.name: &#039;Windows 10&#039;, os.arch: &#039;amd64&#039;, os.version: &#039;10.0&#039;, java.version: &#039;17.0.6&#039;
Driver info: org.openqa.selenium.firefox.FirefoxDriver
Command: [null, newSession {capabilities=[Capabilities {acceptInsecureCerts: true, browserName: firefox, moz:debuggerAddress: true, moz:firefoxOptions: {}}]}]" type="org.openqa.selenium.SessionNotCreatedException">
      <![CDATA[org.openqa.selenium.SessionNotCreatedException: Could not start a new session. Response code 500. Message: Expected browser binary location, but unable to find binary in default location, no 'moz:firefoxOptions.binary' capability provided, and no binary flag set on the command line 
Host info: host: 'DESKTOP-H89D89M', ip: '192.168.2.101'
Build info: version: '4.9.0', revision: 'd7057100a6'
System info: os.name: 'Windows 10', os.arch: 'amd64', os.version: '10.0', java.version: '17.0.6'
Driver info: org.openqa.selenium.firefox.FirefoxDriver
Command: [null, newSession {capabilities=[Capabilities {acceptInsecureCerts: true, browserName: firefox, moz:debuggerAddress: true, moz:firefoxOptions: {}}]}]
at org.openqa.selenium.remote.ProtocolHandshake.createSession(ProtocolHandshake.java:136)
at org.openqa.selenium.remote.ProtocolHandshake.createSession(ProtocolHandshake.java:94)
at org.openqa.selenium.remote.ProtocolHandshake.createSession(ProtocolHandshake.java:68)
at org.openqa.selenium.remote.HttpCommandExecutor.execute(HttpCommandExecutor.java:165)
at org.openqa.selenium.remote.service.DriverCommandExecutor.invokeExecute(DriverCommandExecutor.java:183)
at org.openqa.selenium.remote.service.DriverCommandExecutor.execute(DriverCommandExecutor.java:158)
at org.openqa.selenium.remote.RemoteWebDriver.execute(RemoteWebDriver.java:543)
at org.openqa.selenium.remote.RemoteWebDriver.startSession(RemoteWebDriver.java:229)
at org.openqa.selenium.remote.RemoteWebDriver.<init>(RemoteWebDriver.java:157)
at org.openqa.selenium.firefox.FirefoxDriver.<init>(FirefoxDriver.java:150)
at org.openqa.selenium.firefox.FirefoxDriver.<init>(FirefoxDriver.java:146)
at org.openqa.selenium.firefox.FirefoxDriver.<init>(FirefoxDriver.java:131)
at org.openqa.selenium.firefox.FirefoxDriver.<init>(FirefoxDriver.java:127)
at org.openqa.selenium.firefox.FirefoxDriver.<init>(FirefoxDriver.java:112)
at org.openqa.selenium.firefox.FirefoxDriver.<init>(FirefoxDriver.java:102)
at Demo.TestNGMultipleBrowserDemo.setup(TestNGMultipleBrowserDemo.java:48)
at java.base/jdk.internal.reflect.NativeMethodAccessorImpl.invoke0(Native Method)
at java.base/jdk.internal.reflect.NativeMethodAccessorImpl.invoke(NativeMethodAccessorImpl.java:77)
at java.base/jdk.internal.reflect.DelegatingMethodAccessorImpl.invoke(DelegatingMethodAccessorImpl.java:43)
at java.base/java.lang.reflect.Method.invoke(Method.java:568)
at org.testng.internal.MethodInvocationHelper.invokeMethod(MethodInvocationHelper.java:133)
at org.testng.internal.MethodInvocationHelper.invokeMethodConsideringTimeout(MethodInvocationHelper.java:62)
at org.testng.internal.ConfigInvoker.invokeConfigurationMethod(ConfigInvoker.java:385)
at org.testng.internal.ConfigInvoker.invokeConfigurations(ConfigInvoker.java:321)
at org.testng.TestRunner.invokeTestConfigurations(TestRunner.java:637)
at org.testng.TestRunner.beforeRun(TestRunner.java:627)
at org.testng.TestRunner.run(TestRunner.java:589)
at org.testng.SuiteRunner.runTest(SuiteRunner.java:377)
at org.testng.SuiteRunner.access$000(SuiteRunner.java:28)
at org.testng.SuiteRunner$SuiteWorker.run(SuiteRunner.java:418)
at org.testng.internal.thread.ThreadUtil.lambda$execute$0(ThreadUtil.java:64)
at java.base/java.util.concurrent.FutureTask.run(FutureTask.java:264)
at java.base/java.util.concurrent.ThreadPoolExecutor.runWorker(ThreadPoolExecutor.java:1136)
at java.base/java.util.concurrent.ThreadPoolExecutor$Worker.run(ThreadPoolExecutor.java:635)
at java.base/java.lang.Thread.run(Thread.java:833)
]]>
    </error>
  </testcase> <!-- setup -->
  <system-out/>
  <testcase classname="Demo.TestNGMultipleBrowserDemo" name="validateEmailAndPasswordBlankFields" time="5.856"/>
  <system-out/>
  <testcase classname="Demo.TestNGMultipleBrowserDemo" name="validateEmailAndPasswordBlankFields" time="0.000">
    <skipped/>
  </testcase> <!-- validateEmailAndPasswordBlankFields -->
  <system-out/>
  <testcase classname="Demo.TestNGMultipleBrowserDemo" name="validatePasswordBlankField" time="5.831"/>
  <system-out/>
  <testcase classname="Demo.TestNGMultipleBrowserDemo" name="validatePasswordBlankField" time="0.000">
    <skipped/>
  </testcase> <!-- validatePasswordBlankField -->
  <system-out/>
  <testcase classname="Demo.TestNGMultipleBrowserDemo" name="validateEmailFieldWithoutAtSign" time="0.000">
    <skipped/>
  </testcase> <!-- validateEmailFieldWithoutAtSign -->
  <system-out/>
  <testcase classname="Demo.TestNGMultipleBrowserDemo" name="validateEmailFieldWithoutAtSign" time="4.548"/>
  <system-out/>
  <testcase classname="Demo.TestNGMultipleBrowserDemo" name="validateEmailFieldWithoutDoaminName" time="0.000">
    <skipped/>
  </testcase> <!-- validateEmailFieldWithoutDoaminName -->
  <system-out/>
  <testcase classname="Demo.TestNGMultipleBrowserDemo" name="validateEmailFieldWithoutDoaminName" time="13.120"/>
  <system-out/>
  <testcase classname="Demo.TestNGMultipleBrowserDemo" name="validateEmailFieldWithoutUserName" time="4.330"/>
  <system-out/>
  <testcase classname="Demo.TestNGMultipleBrowserDemo" name="validateEmailFieldWithoutUserName" time="0.000">
    <skipped/>
  </testcase> <!-- validateEmailFieldWithoutUserName -->
  <system-out/>
  <testcase classname="Demo.TestNGMultipleBrowserDemo" name="validateInvalidEmailAndPassword" time="6.295"/>
  <system-out/>
  <testcase classname="Demo.TestNGMultipleBrowserDemo" name="validateInvalidEmailAndPassword" time="0.000">
    <skipped/>
  </testcase> <!-- validateInvalidEmailAndPassword -->
  <system-out/>
</testsuite> <!-- Demo.TestNGMultipleBrowserDemo -->
